<?xml version="1.0" encoding="UTF-8"?>
<!-- Generated by org.testng.reporters.JUnitXMLReporter -->
<testsuite ignored="6" hostname="IN-OLX-PF2SH88V" failures="0" tests="2" name="groupingtests" time="0.056" errors="0" timestamp="2024-07-05T18:42:55 IST">
  <testcase classname="TestNGGrouping.PaymentTests" name="paymentinRupees" time="0.007"/>
  <testcase classname="TestNGGrouping.PaymentTests" name="paymentinDollars" time="0.003"/>
  <testcase classname="TestNGGrouping.LoginTests" name="loginByFacebook" time="0.0">
    <ignored/>
  </testcase> <!-- loginByFacebook -->
  <testcase classname="TestNGGrouping.SignUpTests" name="signupbyfacebook" time="0.0">
    <ignored/>
  </testcase> <!-- signupbyfacebook -->
  <testcase classname="TestNGGrouping.LoginTests" name="loginByEmail" time="0.0">
    <ignored/>
  </testcase> <!-- loginByEmail -->
  <testcase classname="TestNGGrouping.SignUpTests" name="signupbytwitter" time="0.0">
    <ignored/>
  </testcase> <!-- signupbytwitter -->
  <testcase classname="TestNGGrouping.LoginTests" name="loginByTwitter" time="0.0">
    <ignored/>
  </testcase> <!-- loginByTwitter -->
  <testcase classname="TestNGGrouping.SignUpTests" name="signupbyemail" time="0.0">
    <ignored/>
  </testcase> <!-- signupbyemail -->
</testsuite> <!-- groupingtests -->
