<?xml version="1.0" encoding="UTF-8"?>
<!-- Generated by org.testng.reporters.JUnitXMLReporter -->
<testsuite ignored="0" hostname="IN-OLX-PF2SH88V" failures="0" tests="3" name="ChromeTest" time="13.128" errors="0" timestamp="2024-07-09T11:51:30 IST">
  <testcase classname="TestNgTopics.Paramtrs_ParllelTest" name="testLogo" time="0.037"/>
  <testcase classname="TestNgTopics.Paramtrs_ParllelTest" name="testTitle" time="0.02"/>
  <testcase classname="TestNgTopics.Paramtrs_ParllelTest" name="testUrl" time="0.016"/>
</testsuite> <!-- ChromeTest -->
