<?xml version="1.0" encoding="UTF-8"?>
<testng-results ignored="0" total="1" passed="1" failed="0" skipped="0">
  <reporter-output>
  </reporter-output>
  <suite started-at="2024-07-25T10:49:12 IST" name="Default suite" finished-at="2024-07-25T10:49:22 IST" duration-ms="10294">
    <groups>
    </groups>
    <test started-at="2024-07-25T10:49:12 IST" name="Default test" finished-at="2024-07-25T10:49:22 IST" duration-ms="10294">
      <class name="SeleniumTopics.AutoSuggestDropDowns">
        <test-method is-config="true" signature="invoke()[pri:0, instance:SeleniumTopics.AutoSuggestDropDowns@245b4bdc]" started-at="2024-07-25T10:49:12 IST" name="invoke" finished-at="2024-07-25T10:49:16 IST" duration-ms="3549" status="PASS">
          <reporter-output>
          </reporter-output>
        </test-method> <!-- invoke -->
        <test-method signature="mainTest()[pri:0, instance:SeleniumTopics.AutoSuggestDropDowns@245b4bdc]" started-at="2024-07-25T10:49:16 IST" name="mainTest" finished-at="2024-07-25T10:49:22 IST" duration-ms="6696" status="PASS">
          <reporter-output>
          </reporter-output>
        </test-method> <!-- mainTest -->
      </class> <!-- SeleniumTopics.AutoSuggestDropDowns -->
    </test> <!-- Default test -->
  </suite> <!-- Default suite -->
</testng-results>
